0 info it worked if it ends with ok
1 verbose cli [ 'C:\\nodejs\\node.exe',
1 verbose cli   'C:\\nodejs\\node_modules\\npm\\bin\\npm-cli.js',
1 verbose cli   'start' ]
2 info using npm@3.10.10
3 info using node@v6.11.0
4 verbose run-script [ 'prestart', 'start', 'poststart' ]
5 info lifecycle black-horse-vue-cms-vuex@1.0.0~prestart: black-horse-vue-cms-vuex@1.0.0
6 silly lifecycle black-horse-vue-cms-vuex@1.0.0~prestart: no script for prestart, continuing
7 info lifecycle black-horse-vue-cms-vuex@1.0.0~start: black-horse-vue-cms-vuex@1.0.0
8 verbose lifecycle black-horse-vue-cms-vuex@1.0.0~start: unsafe-perm in lifecycle true
9 verbose lifecycle black-horse-vue-cms-vuex@1.0.0~start: PATH: C:\nodejs\node_modules\npm\bin\node-gyp-bin;E:\02-Employment class\14-vue\day9\day09\04-code\black-horse-vue-cms-vuex\node_modules\.bin;C:\Program Files (x86)\Intel\iCLS Client\;C:\Program Files\Intel\iCLS Client\;C:\Windows\system32;C:\Windows;C:\Windows\System32\Wbem;C:\Windows\System32\WindowsPowerShell\v1.0\;C:\Program Files (x86)\NVIDIA Corporation\PhysX\Common;C:\Program Files (x86)\Intel\Intel(R) Management Engine Components\DAL;C:\Program Files\Intel\Intel(R) Management Engine Components\DAL;C:\Program Files (x86)\Intel\Intel(R) Management Engine Components\IPT;C:\Program Files\Intel\Intel(R) Management Engine Components\IPT;C:\nodejs\dev\npm;C:\nodejs;D:\WAMP\apache\bin;D:\WAMP\MySQL\bin;C:\Program Files\nodejs\;C:\Program Files\Git\cmd;C:\Program Files\MongoDB\Server\3.4\bin;C:\Users\杨友明\AppData\Roaming\npm;D:\Microsoft VS Code\bin
10 verbose lifecycle black-horse-vue-cms-vuex@1.0.0~start: CWD: E:\02-Employment class\14-vue\day9\day09\04-code\black-horse-vue-cms-vuex
11 silly lifecycle black-horse-vue-cms-vuex@1.0.0~start: Args: [ '/d /s /c', 'npm run dev' ]
12 silly lifecycle black-horse-vue-cms-vuex@1.0.0~start: Returned: code: 3221225786  signal: null
13 info lifecycle black-horse-vue-cms-vuex@1.0.0~start: Failed to exec start script
14 verbose stack Error: black-horse-vue-cms-vuex@1.0.0 start: `npm run dev`
14 verbose stack Exit status 3221225786
14 verbose stack     at EventEmitter.<anonymous> (C:\nodejs\node_modules\npm\lib\utils\lifecycle.js:255:16)
14 verbose stack     at emitTwo (events.js:106:13)
14 verbose stack     at EventEmitter.emit (events.js:191:7)
14 verbose stack     at ChildProcess.<anonymous> (C:\nodejs\node_modules\npm\lib\utils\spawn.js:40:14)
14 verbose stack     at emitTwo (events.js:106:13)
14 verbose stack     at ChildProcess.emit (events.js:191:7)
14 verbose stack     at maybeClose (internal/child_process.js:891:16)
14 verbose stack     at Process.ChildProcess._handle.onexit (internal/child_process.js:226:5)
15 verbose pkgid black-horse-vue-cms-vuex@1.0.0
16 verbose cwd E:\02-Employment class\14-vue\day9\day09\04-code\black-horse-vue-cms-vuex
17 error Windows_NT 10.0.10586
18 error argv "C:\\nodejs\\node.exe" "C:\\nodejs\\node_modules\\npm\\bin\\npm-cli.js" "start"
19 error node v6.11.0
20 error npm  v3.10.10
21 error code ELIFECYCLE
22 error black-horse-vue-cms-vuex@1.0.0 start: `npm run dev`
22 error Exit status 3221225786
23 error Failed at the black-horse-vue-cms-vuex@1.0.0 start script 'npm run dev'.
23 error Make sure you have the latest version of node.js and npm installed.
23 error If you do, this is most likely a problem with the black-horse-vue-cms-vuex package,
23 error not with npm itself.
23 error Tell the author that this fails on your system:
23 error     npm run dev
23 error You can get information on how to open an issue for this project with:
23 error     npm bugs black-horse-vue-cms-vuex
23 error Or if that isn't available, you can get their info via:
23 error     npm owner ls black-horse-vue-cms-vuex
23 error There is likely additional logging output above.
24 verbose exit [ 1, true ]
